<?xml version="1.0" encoding="UTF-8"?>
<testng-results ignored="0" total="1" passed="1" failed="0" skipped="0">
  <reporter-output>
  </reporter-output>
  <suite started-at="2023-02-01T09:46:54 IST" name="Default suite" finished-at="2023-02-01T09:47:11 IST" duration-ms="17380">
    <groups>
    </groups>
    <test started-at="2023-02-01T09:46:54 IST" name="Default test" finished-at="2023-02-01T09:47:11 IST" duration-ms="17380">
      <class name="HomePageTest.ToVerifyHomePageTitleTest">
        <test-method is-config="true" signature="bsConfig()[pri:0, instance:HomePageTest.ToVerifyHomePageTitleTest@35aea049]" started-at="2023-02-01T09:46:54 IST" name="bsConfig" finished-at="2023-02-01T09:46:54 IST" duration-ms="22" status="PASS">
          <reporter-output>
          </reporter-output>
        </test-method> <!-- bsConfig -->
        <test-method is-config="true" signature="bcConfig()[pri:0, instance:HomePageTest.ToVerifyHomePageTitleTest@35aea049]" started-at="2023-02-01T09:46:54 IST" name="bcConfig" finished-at="2023-02-01T09:47:04 IST" duration-ms="9832" status="PASS">
          <reporter-output>
          </reporter-output>
        </test-method> <!-- bcConfig -->
        <test-method is-config="true" signature="bmConfig()[pri:0, instance:HomePageTest.ToVerifyHomePageTitleTest@35aea049]" started-at="2023-02-01T09:47:04 IST" name="bmConfig" finished-at="2023-02-01T09:47:04 IST" duration-ms="645" status="PASS">
          <reporter-output>
          </reporter-output>
        </test-method> <!-- bmConfig -->
        <test-method signature="toVerifyHomePageTitleTest()[pri:0, instance:HomePageTest.ToVerifyHomePageTitleTest@35aea049]" started-at="2023-02-01T09:47:04 IST" name="toVerifyHomePageTitleTest" finished-at="2023-02-01T09:47:09 IST" duration-ms="4242" status="PASS">
          <reporter-output>
          </reporter-output>
        </test-method> <!-- toVerifyHomePageTitleTest -->
        <test-method is-config="true" signature="amConfig()[pri:0, instance:HomePageTest.ToVerifyHomePageTitleTest@35aea049]" started-at="2023-02-01T09:47:09 IST" name="amConfig" finished-at="2023-02-01T09:47:10 IST" duration-ms="1564" status="PASS">
          <reporter-output>
          </reporter-output>
        </test-method> <!-- amConfig -->
        <test-method is-config="true" signature="acConfig()[pri:0, instance:HomePageTest.ToVerifyHomePageTitleTest@35aea049]" started-at="2023-02-01T09:47:10 IST" name="acConfig" finished-at="2023-02-01T09:47:11 IST" duration-ms="1024" status="PASS">
          <reporter-output>
          </reporter-output>
        </test-method> <!-- acConfig -->
        <test-method is-config="true" signature="asConfig()[pri:0, instance:HomePageTest.ToVerifyHomePageTitleTest@35aea049]" started-at="2023-02-01T09:47:11 IST" name="asConfig" finished-at="2023-02-01T09:47:11 IST" duration-ms="2" status="PASS">
          <reporter-output>
          </reporter-output>
        </test-method> <!-- asConfig -->
      </class> <!-- HomePageTest.ToVerifyHomePageTitleTest -->
    </test> <!-- Default test -->
  </suite> <!-- Default suite -->
</testng-results>
